-------------------------------------------------------------------------------
Test set: com.atjy.jwt.test.SpringBootJWTApplicationTests
-------------------------------------------------------------------------------
Tests run: 3, Failures: 0, Errors: 2, Skipped: 0, Time elapsed: 0.851 s <<< FAILURE! - in com.atjy.jwt.test.SpringBootJWTApplicationTests
Test01(com.atjy.jwt.test.SpringBootJWTApplicationTests)  Time elapsed: 0.103 s  <<< ERROR!
java.lang.IllegalArgumentException: The Secret cannot be null
	at com.atjy.jwt.test.SpringBootJWTApplicationTests.Test01(SpringBootJWTApplicationTests.java:44)

Test(com.atjy.jwt.test.SpringBootJWTApplicationTests)  Time elapsed: 0.027 s  <<< ERROR!
com.auth0.jwt.exceptions.TokenExpiredException: The Token has expired on Thu Apr 08 11:06:18 CST 2021.
	at com.atjy.jwt.test.SpringBootJWTApplicationTests.Test(SpringBootJWTApplicationTests.java:32)

