<?xml version="1.0" encoding="UTF-8"?>
<testsuite xmlns:xsi="http://www.w3.org/2001/XMLSchema-instance" xsi:noNamespaceSchemaLocation="https://maven.apache.org/surefire/maven-surefire-plugin/xsd/surefire-test-report.xsd" name="com.atjy.jwt.test.SpringBootJWTApplicationTests" time="0.851" tests="3" errors="2" skipped="0" failures="0">
  <properties>
[...]
</properties>
  <testcase name="Test01" classname="com.atjy.jwt.test.SpringBootJWTApplicationTests" time="0.103">
    <error message="The Secret cannot be null" type="java.lang.IllegalArgumentException">java.lang.IllegalArgumentException: The Secret cannot be null
	at com.atjy.jwt.test.SpringBootJWTApplicationTests.Test01(SpringBootJWTApplicationTests.java:44)
</error>
  </testcase>
  <testcase name="JWTLoadsTest" classname="com.atjy.jwt.test.SpringBootJWTApplicationTests" time="0.637"/>
  <testcase name="Test" classname="com.atjy.jwt.test.SpringBootJWTApplicationTests" time="0.027">
    <error message="The Token has expired on Thu Apr 08 11:06:18 CST 2021." type="com.auth0.jwt.exceptions.TokenExpiredException">com.auth0.jwt.exceptions.TokenExpiredException: The Token has expired on Thu Apr 08 11:06:18 CST 2021.
	at com.atjy.jwt.test.SpringBootJWTApplicationTests.Test(SpringBootJWTApplicationTests.java:32)
</error>
  </testcase>
</testsuite>